
  .   ____          _            __ _ _
 /\\ / ___'_ __ _ _(_)_ __  __ _ \ \ \ \
( ( )\___ | '_ | '_| | '_ \/ _` | \ \ \ \
 \\/  ___)| |_)| | | | | || (_| |  ) ) ) )
  '  |____| .__|_| |_|_| |_\__, | / / / /
 =========|_|==============|___/=/_/_/_/
 :: Spring Boot ::                (v3.2.5)

2026-03-27T20:04:47.989+02:00  INFO 28164 --- [           main] c.p.p.PatchNumberRequestAppApplication   : Starting PatchNumberRequestAppApplication v0.0.1-SNAPSHOT using Java 25.0.1 with PID 28164 (D:\Projects\patch-request-app\target\patchnumberrequestapp-0.0.1-SNAPSHOT.war started by Admin in D:\Projects\patch-request-app)
2026-03-27T20:04:47.994+02:00  INFO 28164 --- [           main] c.p.p.PatchNumberRequestAppApplication   : The following 1 profile is active: "local"
java : WARNING: A 
restricted method in 
java.lang.System has 
been called
At line:1 char:1
+ java -jar target/pat
chnumberrequestapp-0.0
.1-SNAPSHOT.war > 
logs.txt  ...
+ ~~~~~~~~~~~~~~~~~~~~
~~~~~~~~~~~~~~~~~~~~~~
~~~~~~~~~~~~~~~~~~~~~~
~~~~~
    + CategoryInfo    
          : 
NotSpecified: (W    
ARNING: A rest...has  
   been 
called:String) [    
], RemoteException
    + 
FullyQualifiedError   
 Id : 
NativeCommandErr    or
 
WARNING: java.lang.Sys
tem::load has been 
called by org.apache.t
omcat.jni.Library in 
an unnamed module (jar
:nested:/D:/Projects/p
atch-request-app/targe
t/patchnumberrequestap
p-0.0.1-SNAPSHOT.war/!
WEB-INF/lib-provided/t
omcat-embed-core-10.1.
20.jar!/)
WARNING: Use --enable-
native-access=ALL-UNNA
MED to avoid a 
warning for callers 
in this module
WARNING: Restricted 
methods will be 
blocked in a future 
release unless native 
access is enabled

2026-03-27T20:04:49.831+02:00  INFO 28164 --- [           main] o.s.b.w.embedded.tomcat.TomcatWebServer  : Tomcat initialized with port 8080 (http)
2026-03-27T20:04:49.854+02:00  INFO 28164 --- [           main] o.apache.catalina.core.StandardService   : Starting service [Tomcat]
2026-03-27T20:04:49.855+02:00  INFO 28164 --- [           main] o.apache.catalina.core.StandardEngine    : Starting Servlet engine: [Apache Tomcat/10.1.20]
2026-03-27T20:04:49.973+02:00  INFO 28164 --- [           main] o.a.c.c.C.[Tomcat].[localhost].[/]       : Initializing Spring embedded WebApplicationContext
2026-03-27T20:04:49.973+02:00  INFO 28164 --- [           main] w.s.c.ServletWebServerApplicationContext : Root WebApplicationContext: initialization completed in 1863 ms
2026-03-27T20:04:50.024+02:00  INFO 28164 --- [           main] com.zaxxer.hikari.HikariDataSource       : HikariPool-1 - Starting...
2026-03-27T20:04:50.477+02:00  INFO 28164 --- [           main] com.zaxxer.hikari.pool.HikariPool        : HikariPool-1 - Added connection conn0: url=jdbc:h2:mem:testdb user=SA
2026-03-27T20:04:50.479+02:00  INFO 28164 --- [           main] com.zaxxer.hikari.HikariDataSource       : HikariPool-1 - Start completed.
2026-03-27T20:04:50.494+02:00  INFO 28164 --- [           main] o.s.b.a.h2.H2ConsoleAutoConfiguration    : H2 console available at '/h2-console'. Database available at 'jdbc:h2:mem:testdb'
2026-03-27T20:04:51.253+02:00  INFO 28164 --- [           main] o.s.s.web.DefaultSecurityFilterChain     : Will secure any request with [org.springframework.security.web.session.DisableEncodeUrlFilter@6cbb7a7d, org.springframework.security.web.context.request.async.WebAsyncManagerIntegrationFilter@cdb3c85, org.springframework.security.web.context.SecurityContextHolderFilter@26f0141, org.springframework.security.web.header.HeaderWriterFilter@5c8d58ed, org.springframework.web.filter.CorsFilter@37606fee, org.springframework.security.web.csrf.CsrfFilter@7d30007d, org.springframework.security.web.authentication.logout.LogoutFilter@3815146b, org.springframework.security.web.authentication.UsernamePasswordAuthenticationFilter@12abcd1e, org.springframework.security.web.savedrequest.RequestCacheAwareFilter@6de7778f, org.springframework.security.web.servletapi.SecurityContextHolderAwareRequestFilter@367d34c0, org.springframework.security.web.authentication.AnonymousAuthenticationFilter@33d28f0a, org.springframework.security.web.access.ExceptionTranslationFilter@691567ea, org.springframework.security.web.access.intercept.AuthorizationFilter@14b4340c]
2026-03-27T20:04:51.565+02:00  INFO 28164 --- [           main] o.s.b.w.embedded.tomcat.TomcatWebServer  : Tomcat started on port 8080 (http) with context path ''
2026-03-27T20:04:51.578+02:00  INFO 28164 --- [           main] c.p.p.PatchNumberRequestAppApplication   : Started PatchNumberRequestAppApplication in 4.343 seconds (process running for 4.938)
